#
# There is insufficient memory for the Java Runtime Environment to continue.
# Native memory allocation (malloc) failed to allocate 990016 bytes for Chunk::new
# Possible reasons:
#   The system is out of physical RAM or swap space
#   The process is running with CompressedOops enabled, and the Java Heap may be blocking the growth of the native heap
# Possible solutions:
#   Reduce memory load on the system
#   Increase physical memory or swap space
#   Check if swap backing store is full
#   Decrease Java heap size (-Xmx/-Xms)
#   Decrease number of Java threads
#   Decrease Java thread stack sizes (-Xss)
#   Set larger code cache with -XX:ReservedCodeCacheSize=
#   JVM is running with Unscaled Compressed Oops mode in which the Java heap is
#     placed in the first 4GB address space. The Java Heap base address is the
#     maximum limit for the native heap growth. Please use -XX:HeapBaseMinAddress
#     to set the Java Heap base and to place the Java Heap above 4GB virtual address.
# This output file may be truncated or incomplete.
#
#  Out of Memory Error (arena.cpp:191), pid=77508, tid=22012
#
# JRE version: OpenJDK Runtime Environment (17.0.9) (build 17.0.9+0--11185874)
# Java VM: OpenJDK 64-Bit Server VM (17.0.9+0--11185874, mixed mode, tiered, compressed oops, compressed class ptrs, g1 gc, windows-amd64)
# No core dump will be written. Minidumps are not enabled by default on client versions of Windows
#

---------------  S U M M A R Y ------------

Command Line: org.jetbrains.kotlin.cli.jvm.K2JVMCompiler @C:\Users\gille\OneDrive\Documents\GitHub\ProjetInfoPVZ\PlantsvsZombies\app\build\20240510_2399980824116884138.compiler.options

Host: AMD Ryzen 5 5500U with Radeon Graphics         , 12 cores, 7G,  Windows 11 , 64 bit Build 22621 (10.0.22621.3374)
Time: Fri May 10 16:35:14 2024 Paris, Madrid (heure duild 22621 (10.0.22621.3374) elapsed time: 4.779481 seconds (0d 0h 0m 4s)

---------------  T H R E A D  ---------------

Current thread (0x000002323aab42d0):  JavaThread "C2 CompilerThread0" daemon [_thread_in_native, id=22012, stack(0x000000354b400000,0x000000354b500000)]


Current CompileTask:
C2:   4779 3921       4       org.jetbrains.kotlin.load.java.structure.impl.classFiles.BinaryClassSignatureParser::parseParameterizedClassRefSignature (262 bytes)

Stack: [0x000000354b400000,0x000000354b500000]
Native frames: (J=compiled Java code, j=interpreted, Vv=VM code, C=native code)
V  [jvm.dll+0x6886e9]
V  [jvm.dll+0x841e4a]
V  [jvm.dll+0x843a8e]
V  [jvm.dll+0x8440f3]
V  [jvm.dll+0x24c14f]
V  [jvm.dll+0xac44c]
V  [jvm.dll+0xaca9c]
V  [jvm.dll+0x36c1f7]
V  [jvm.dll+0x33651a]
V  [jvm.dll+0x3359ba]
V  [jvm.dll+0x21ddb1]
V  [jvm.dll+0x21d1d1]
V  [jvm.dll+0x1a674d]
V  [jvm.dll+0x22d088]
V  [jvm.dll+0x22b1c0]
V  [jvm.dll+0x7f62f7]
V  [jvm.dll+0x7f06aa]
V  [jvm.dll+0x687565]
C  [ucrtbase.dll+0x29333]
C  [KERNEL32.DLL+0x1257d]
C  [ntdll.dll+0x5aa48]


---------------  P R O C E S S  ---------------

Threads class SMR info:
_java_thread_list=0x000002323ac64f90, length=12, elements={
0x0000023220c8a060, 0x000002323aa8e270, 0x000002323aa90180, 0x000002323aaad330,
0x000002323aaadcf0, 0x000002323aab1270, 0x000002323aac7f90, 0x000002323aab42d0,
0x000002323aad6b30, 0x000002323aadd020, 0x000002323aac9df0, 0x000002323aac7a80
}

Java Threads: ( => current thread )
  0x0000023220c8a060 JavaThread "main" [_thread_in_Java, id=91360, stack(0x000000354a700000,0x000000354a800000)]
  0x000002323aa8e270 JavaThread "Reference Handler" daemon [_thread_blocked, id=46764, stack(0x000000354ae00000,0x000000354af00000)]
  0x000002323aa90180 JavaThread "Finalizer" daemon [_thread_blocked, id=80032, stack(0x000000354af00000,0x000000354b000000)]
  0x000002323aaad330 JavaThread "Signal Dispatcher" daemon [_thread_blocked, id=91576, stack(0x000000354b000000,0x000000354b100000)]
  0x000002323aaadcf0 JavaThread "Attach Listener" daemon [_thread_blocked, id=92260, stack(0x000000354b100000,0x000000354b200000)]
  0x000002323aab1270 JavaThread "Service Thread" daemon [_thread_blocked, id=91280, stack(0x000000354b200000,0x000000354b300000)]
  0x000002323aac7f90 JavaThread "Monitor Deflation Thread" daemon [_thread_blocked, id=77456, stack(0x000000354b300000,0x000000354b400000)]
=>0x000002323aab42d0 JavaThread "C2 CompilerThread0" daemon [_thread_in_native, id=22012, stack(0x000000354b400000,0x000000354b500000)]
  0x000002323aad6b30 JavaThread "C1 CompilerThread0" daemon [_thread_in_native, id=14668, stack(0x000000354b500000,0x000000354b600000)]
  0x000002323aadd020 JavaThread "Sweeper thread" daemon [_thread_blocked, id=93256, stack(0x000000354b600000,0x000000354b700000)]
  0x000002323aac9df0 JavaThread "Notification Thread" daemon [_thread_blocked, id=94876, stack(0x000000354b700000,0x000000354b800000)]
  0x000002323aac7a80 JavaThread "Common-Cleaner" daemon [_thread_blocked, id=92824, stack(0x000000354b900000,0x000000354ba00000)]

Other Threads:
  0x000002323a39fba0 VMThread "VM Thread" [stack: 0x000000354ad00000,0x000000354ae00000] [id=30904]
  0x000002323ac56ce0 WatcherThread [stack: 0x000000354b800000,0x000000354b900000] [id=76428]
  0x0000023220ce21a0 GCTaskThread "GC Thread#0" [stack: 0x000000354a800000,0x000000354a900000] [id=71552]
  0x000002323f3a0e30 GCTaskThread "GC Thread#1" [stack: 0x000000354ba00000,0x000000354bb00000] [id=90828]
  0x000002323f431dd0 GCTaskThread "GC Thread#2" [stack: 0x000000354bb00000,0x000000354bc00000] [id=81100]
  0x000002323f432090 GCTaskThread "GC Thread#3" [stack: 0x000000354bc00000,0x000000354bd00000] [id=83376]
  0x000002323f432350 GCTaskThread "GC Thread#4" [stack: 0x000000354bd00000,0x000000354be00000] [id=75468]
  0x000002323f432610 GCTaskThread "GC Thread#5" [stack: 0x000000354be00000,0x000000354bf00000] [id=80208]
  0x000002323f68e500 GCTaskThread "GC Thread#6" [stack: 0x000000354bf00000,0x000000354c000000] [id=91716]
  0x000002323f825860 GCTaskThread "GC Thread#7" [stack: 0x000000354c000000,0x000000354c100000] [id=90360]
  0x000002323fb07bc0 GCTaskThread "GC Thread#8" [stack: 0x000000354c300000,0x000000354c400000] [id=90580]
  0x000002323fb065c0 GCTaskThread "GC Thread#9" [stack: 0x000000354c400000,0x000000354c500000] [id=64692]
  0x0000023220cf2380 ConcurrentGCThread "G1 Main Marker" [stack: 0x000000354a900000,0x000000354aa00000] [id=94744]
  0x0000023220cf2da0 ConcurrentGCThread "G1 Conc#0" [stack: 0x000000354aa00000,0x000000354ab00000] [id=85812]
  0x000002323f825b20 ConcurrentGCThread "G1 Conc#1" [stack: 0x000000354c100000,0x000000354c200000] [id=91184]
  0x000002323f634010 ConcurrentGCThread "G1 Conc#2" [stack: 0x000000354c200000,0x000000354c300000] [id=90340]
  0x000002323a215830 ConcurrentGCThread "G1 Refine#0" [stack: 0x000000354ab00000,0x000000354ac00000] [id=64480]
  0x0000023220d37a10 ConcurrentGCThread "G1 Service" [stack: 0x000000354ac00000,0x000000354ad00000] [id=94708]

Threads with active compile tasks:
C2 CompilerThread0     4796 3921       4       org.jetbrains.kotlin.load.java.structure.impl.classFiles.BinaryClassSignatureParser::parseParameterizedClassRefSignature (262 bytes)
C1 CompilerThread0     4796 4114       1       org.jetbrains.kotlin.load.java.typeEnhancement.JavaTypeEnhancement$SimpleResult::getType (5 bytes)

VM state: not at safepoint (normal execution)

VM Mutex/Monitor currently owned by a thread: None

Heap address: 0x000000008ac00000, size: 1876 MB, Compressed Oops mode: 32-bit

CDS archive(s) not mapped
Compressed class space mapped at: 0x0000000100000000-0x0000000140000000, reserved size: 1073741824
Narrow klass base: 0x0000000000000000, Narrow klass shift: 3, Narrow klass range: 0x140000000

GC Precious Log:
 CPUs: 12 total, 12 available
 Memory: 7503M
 Large Page Support: Disabled
 NUMA Support: Disabled
 Compressed Oops: Enabled (32-bit)
 Heap Region Size: 1M
 Heap Min Capacity: 8M
 Heap Initial Capacity: 118M
 Heap Max Capacity: 1876M
 Pre-touch: Disabled
 Parallel Workers: 10
 Concurrent Workers: 3
 Concurrent Refinement Workers: 10
 Periodic GC: Disabled

Heap:
 garbage-first heap   total 78848K, used 31032K [0x000000008ac00000, 0x0000000100000000)
  region size 1024K, 6 young (6144K), 5 survivors (5120K)
 Metaspace       used 44816K, committed 44992K, reserved 1114112K
  class space    used 5304K, committed 5376K, reserved 1048576K

Heap Regions: E=young(eden), S=young(survivor), O=old, HS=humongous(starts), HC=humongous(continues), CS=collection set, F=free, OA=open archive, CA=closed archive, TAMS=top-at-mark-start (previous, next)
|   0|0x000000008ac00000, 0x000000008ad00000, 0x000000008ad00000|100%|HS|  |TAMS 0x000000008ad00000, 0x000000008ac00000| Complete 
|   1|0x000000008ad00000, 0x000000008ae00000, 0x000000008ae00000|100%|HC|  |TAMS 0x000000008ae00000, 0x000000008ad00000| Complete 
|   2|0x000000008ae00000, 0x000000008af00000, 0x000000008af00000|100%|HC|  |TAMS 0x000000008af00000, 0x000000008ae00000| Complete 
|   3|0x000000008af00000, 0x000000008b000000, 0x000000008b000000|100%|HC|  |TAMS 0x000000008b000000, 0x000000008af00000| Complete 
|   4|0x000000008b000000, 0x000000008b100000, 0x000000008b100000|100%| O|  |TAMS 0x000000008b100000, 0x000000008b000000| Untracked 
|   5|0x000000008b100000, 0x000000008b200000, 0x000000008b200000|100%| O|  |TAMS 0x000000008b200000, 0x000000008b100000| Untracked 
|   6|0x000000008b200000, 0x000000008b300000, 0x000000008b300000|100%| O|  |TAMS 0x000000008b300000, 0x000000008b200000| Untracked 
|   7|0x000000008b300000, 0x000000008b400000, 0x000000008b400000|100%| O|  |TAMS 0x000000008b400000, 0x000000008b300000| Untracked 
|   8|0x000000008b400000, 0x000000008b500000, 0x000000008b500000|100%| O|  |TAMS 0x000000008b500000, 0x000000008b400000| Untracked 
|   9|0x000000008b500000, 0x000000008b600000, 0x000000008b600000|100%| O|  |TAMS 0x000000008b600000, 0x000000008b500000| Untracked 
|  10|0x000000008b600000, 0x000000008b700000, 0x000000008b700000|100%| O|  |TAMS 0x000000008b700000, 0x000000008b600000| Untracked 
|  11|0x000000008b700000, 0x000000008b800000, 0x000000008b800000|100%| O|  |TAMS 0x000000008b800000, 0x000000008b700000| Untracked 
|  12|0x000000008b800000, 0x000000008b900000, 0x000000008b900000|100%| O|  |TAMS 0x000000008b900000, 0x000000008b800000| Untracked 
|  13|0x000000008b900000, 0x000000008ba00000, 0x000000008ba00000|100%| O|  |TAMS 0x000000008ba00000, 0x000000008b900000| Untracked 
|  14|0x000000008ba00000, 0x000000008bb00000, 0x000000008bb00000|100%| O|  |TAMS 0x000000008bb00000, 0x000000008ba00000| Untracked 
|  15|0x000000008bb00000, 0x000000008bc00000, 0x000000008bc00000|100%| O|  |TAMS 0x000000008bc00000, 0x000000008bb00000| Untracked 
|  16|0x000000008bc00000, 0x000000008bd00000, 0x000000008bd00000|100%| O|  |TAMS 0x000000008bd00000, 0x000000008bc00000| Untracked 
|  17|0x000000008bd00000, 0x000000008be00000, 0x000000008be00000|100%|HS|  |TAMS 0x000000008be00000, 0x000000008bd00000| Complete 
|  18|0x000000008be00000, 0x000000008bf00000, 0x000000008bf00000|100%|HC|  |TAMS 0x000000008bf00000, 0x000000008be00000| Complete 
|  19|0x000000008bf00000, 0x000000008c000000, 0x000000008c000000|100%| O|  |TAMS 0x000000008c000000, 0x000000008bf00000| Untracked 
|  20|0x000000008c000000, 0x000000008c100000, 0x000000008c100000|100%| O|  |TAMS 0x000000008c100000, 0x000000008c000000| Untracked 
|  21|0x000000008c100000, 0x000000008c200000, 0x000000008c200000|100%| O|  |TAMS 0x000000008c200000, 0x000000008c100000| Untracked 
|  22|0x000000008c200000, 0x000000008c300000, 0x000000008c300000|100%| O|  |TAMS 0x000000008c2a8200, 0x000000008c200000| Untracked 
|  23|0x000000008c300000, 0x000000008c400000, 0x000000008c400000|100%| O|  |TAMS 0x000000008c300000, 0x000000008c300000| Untracked 
|  24|0x000000008c400000, 0x000000008c44e200, 0x000000008c500000| 30%| O|  |TAMS 0x000000008c400000, 0x000000008c400000| Untracked 
|  25|0x000000008c500000, 0x000000008c500000, 0x000000008c600000|  0%| F|  |TAMS 0x000000008c500000, 0x000000008c500000| Untracked 
|  26|0x000000008c600000, 0x000000008c600000, 0x000000008c700000|  0%| F|  |TAMS 0x000000008c600000, 0x000000008c600000| Untracked 
|  27|0x000000008c700000, 0x000000008c700000, 0x000000008c800000|  0%| F|  |TAMS 0x000000008c700000, 0x000000008c700000| Untracked 
|  28|0x000000008c800000, 0x000000008c800000, 0x000000008c900000|  0%| F|  |TAMS 0x000000008c800000, 0x000000008c800000| Untracked 
|  29|0x000000008c900000, 0x000000008c900000, 0x000000008ca00000|  0%| F|  |TAMS 0x000000008c900000, 0x000000008c900000| Untracked 
|  30|0x000000008ca00000, 0x000000008ca00000, 0x000000008cb00000|  0%| F|  |TAMS 0x000000008ca00000, 0x000000008ca00000| Untracked 
|  31|0x000000008cb00000, 0x000000008cb00000, 0x000000008cc00000|  0%| F|  |TAMS 0x000000008cb00000, 0x000000008cb00000| Untracked 
|  32|0x000000008cc00000, 0x000000008cc00000, 0x000000008cd00000|  0%| F|  |TAMS 0x000000008cc00000, 0x000000008cc00000| Untracked 
|  33|0x000000008cd00000, 0x000000008cd00000, 0x000000008ce00000|  0%| F|  |TAMS 0x000000008cd00000, 0x000000008cd00000| Untracked 
|  34|0x000000008ce00000, 0x000000008ce00000, 0x000000008cf00000|  0%| F|  |TAMS 0x000000008ce00000, 0x000000008ce00000| Untracked 
|  35|0x000000008cf00000, 0x000000008cf00000, 0x000000008d000000|  0%| F|  |TAMS 0x000000008cf00000, 0x000000008cf00000| Untracked 
|  36|0x000000008d000000, 0x000000008d000000, 0x000000008d100000|  0%| F|  |TAMS 0x000000008d000000, 0x000000008d000000| Untracked 
|  37|0x000000008d100000, 0x000000008d200000, 0x000000008d200000|100%| S|CS|TAMS 0x000000008d100000, 0x000000008d100000| Complete 
|  38|0x000000008d200000, 0x000000008d300000, 0x000000008d300000|100%| S|CS|TAMS 0x000000008d200000, 0x000000008d200000| Complete 
|  39|0x000000008d300000, 0x000000008d400000, 0x000000008d400000|100%| S|CS|TAMS 0x000000008d300000, 0x000000008d300000| Complete 
|  40|0x000000008d400000, 0x000000008d500000, 0x000000008d500000|100%| S|CS|TAMS 0x000000008d400000, 0x000000008d400000| Complete 
|  41|0x000000008d500000, 0x000000008d600000, 0x000000008d600000|100%| S|CS|TAMS 0x000000008d500000, 0x000000008d500000| Complete 
|  42|0x000000008d600000, 0x000000008d600000, 0x000000008d700000|  0%| F|  |TAMS 0x000000008d600000, 0x000000008d600000| Untracked 
|  43|0x000000008d700000, 0x000000008d700000, 0x000000008d800000|  0%| F|  |TAMS 0x000000008d700000, 0x000000008d700000| Untracked 
|  44|0x000000008d800000, 0x000000008d800000, 0x000000008d900000|  0%| F|  |TAMS 0x000000008d800000, 0x000000008d800000| Untracked 
|  45|0x000000008d900000, 0x000000008d900000, 0x000000008da00000|  0%| F|  |TAMS 0x000000008d900000, 0x000000008d900000| Untracked 
|  46|0x000000008da00000, 0x000000008da00000, 0x000000008db00000|  0%| F|  |TAMS 0x000000008da00000, 0x000000008da00000| Untracked 
|  47|0x000000008db00000, 0x000000008db00000, 0x000000008dc00000|  0%| F|  |TAMS 0x000000008db00000, 0x000000008db00000| Untracked 
|  48|0x000000008dc00000, 0x000000008dc00000, 0x000000008dd00000|  0%| F|  |TAMS 0x000000008dc00000, 0x000000008dc00000| Untracked 
|  49|0x000000008dd00000, 0x000000008dd00000, 0x000000008de00000|  0%| F|  |TAMS 0x000000008dd00000, 0x000000008dd00000| Untracked 
|  50|0x000000008de00000, 0x000000008de00000, 0x000000008df00000|  0%| F|  |TAMS 0x000000008de00000, 0x000000008de00000| Untracked 
|  51|0x000000008df00000, 0x000000008df00000, 0x000000008e000000|  0%| F|  |TAMS 0x000000008df00000, 0x000000008df00000| Untracked 
|  52|0x000000008e000000, 0x000000008e000000, 0x000000008e100000|  0%| F|  |TAMS 0x000000008e000000, 0x000000008e000000| Untracked 
|  53|0x000000008e100000, 0x000000008e100000, 0x000000008e200000|  0%| F|  |TAMS 0x000000008e100000, 0x000000008e100000| Untracked 
|  54|0x000000008e200000, 0x000000008e200000, 0x000000008e300000|  0%| F|  |TAMS 0x000000008e200000, 0x000000008e200000| Untracked 
|  55|0x000000008e300000, 0x000000008e300000, 0x000000008e400000|  0%| F|  |TAMS 0x000000008e300000, 0x000000008e300000| Untracked 
|  56|0x000000008e400000, 0x000000008e400000, 0x000000008e500000|  0%| F|  |TAMS 0x000000008e400000, 0x000000008e400000| Untracked 
|  57|0x000000008e500000, 0x000000008e500000, 0x000000008e600000|  0%| F|  |TAMS 0x000000008e500000, 0x000000008e500000| Untracked 
|  58|0x000000008e600000, 0x000000008e600000, 0x000000008e700000|  0%| F|  |TAMS 0x000000008e600000, 0x000000008e600000| Untracked 
|  59|0x000000008e700000, 0x000000008e700000, 0x000000008e800000|  0%| F|  |TAMS 0x000000008e700000, 0x000000008e700000| Untracked 
|  60|0x000000008e800000, 0x000000008e800000, 0x000000008e900000|  0%| F|  |TAMS 0x000000008e800000, 0x000000008e800000| Untracked 
|  61|0x000000008e900000, 0x000000008e900000, 0x000000008ea00000|  0%| F|  |TAMS 0x000000008e900000, 0x000000008e900000| Untracked 
|  62|0x000000008ea00000, 0x000000008ea00000, 0x000000008eb00000|  0%| F|  |TAMS 0x000000008ea00000, 0x000000008ea00000| Untracked 
|  63|0x000000008eb00000, 0x000000008eb00000, 0x000000008ec00000|  0%| F|  |TAMS 0x000000008eb00000, 0x000000008eb00000| Untracked 
|  64|0x000000008ec00000, 0x000000008ec00000, 0x000000008ed00000|  0%| F|  |TAMS 0x000000008ec00000, 0x000000008ec00000| Untracked 
|  65|0x000000008ed00000, 0x000000008ed00000, 0x000000008ee00000|  0%| F|  |TAMS 0x000000008ed00000, 0x000000008ed00000| Untracked 
|  66|0x000000008ee00000, 0x000000008ee00000, 0x000000008ef00000|  0%| F|  |TAMS 0x000000008ee00000, 0x000000008ee00000| Untracked 
|  67|0x000000008ef00000, 0x000000008ef00000, 0x000000008f000000|  0%| F|  |TAMS 0x000000008ef00000, 0x000000008ef00000| Untracked 
|  68|0x000000008f000000, 0x000000008f000000, 0x000000008f100000|  0%| F|  |TAMS 0x000000008f000000, 0x000000008f000000| Untracked 
|  69|0x000000008f100000, 0x000000008f100000, 0x000000008f200000|  0%| F|  |TAMS 0x000000008f100000, 0x000000008f100000| Untracked 
|  70|0x000000008f200000, 0x000000008f200000, 0x000000008f300000|  0%| F|  |TAMS 0x000000008f200000, 0x000000008f200000| Untracked 
|  71|0x000000008f300000, 0x000000008f300000, 0x000000008f400000|  0%| F|  |TAMS 0x000000008f300000, 0x000000008f300000| Untracked 
|  72|0x000000008f400000, 0x000000008f400000, 0x000000008f500000|  0%| F|  |TAMS 0x000000008f400000, 0x000000008f400000| Untracked 
|  73|0x000000008f500000, 0x000000008f500000, 0x000000008f600000|  0%| F|  |TAMS 0x000000008f500000, 0x000000008f500000| Untracked 
|  97|0x0000000090d00000, 0x0000000090d00000, 0x0000000090e00000|  0%| F|  |TAMS 0x0000000090d00000, 0x0000000090d00000| Untracked 
| 117|0x0000000092100000, 0x0000000092182a28, 0x0000000092200000| 51%| E|  |TAMS 0x0000000092100000, 0x0000000092100000| Complete 
|1875|0x00000000fff00000, 0x0000000100000000, 0x0000000100000000|100%| O|  |TAMS 0x0000000100000000, 0x00000000fff00000| Untracked 

Card table byte_map: [0x0000023233a60000,0x0000023233e10000] _byte_map_base: 0x000002323360a000

Marking Bits (Prev, Next): (CMBitMap*) 0x0000023220ce2800, (CMBitMap*) 0x0000023220ce27c0
 Prev Bits: [0x0000023235f10000, 0x0000023237c60000)
 Next Bits: [0x00000232341c0000, 0x0000023235f10000)

Polling page: 0x000002321e9c0000

Metaspace:

Usage:
  Non-class:     38.59 MB used.
      Class:      5.18 MB used.
       Both:     43.77 MB used.

Virtual space:
  Non-class space:       64.00 MB reserved,      38.69 MB ( 60%) committed,  1 nodes.
      Class space:        1.00 GB reserved,       5.25 MB ( <1%) committed,  1 nodes.
             Both:        1.06 GB reserved,      43.94 MB (  4%) committed. 

Chunk freelists:
   Non-Class:  8.64 MB
       Class:  10.69 MB
        Both:  19.33 MB

MaxMetaspaceSize: unlimited
CompressedClassSpaceSize: 1.00 GB
Initial GC threshold: 21.00 MB
Current GC threshold: 68.69 MB
CDS: off
MetaspaceReclaimPolicy: balanced
 - commit_granule_bytes: 65536.
 - commit_granule_words: 8192.
 - virtual_space_node_default_size: 8388608.
 - enlarge_chunks_in_place: 1.
 - new_chunks_are_fully_committed: 0.
 - uncommit_free_chunks: 1.
 - use_allocation_guard: 0.
 - handle_deallocations: 1.


Internal statistics:

num_allocs_failed_limit: 6.
num_arena_births: 184.
num_arena_deaths: 0.
num_vsnodes_births: 2.
num_vsnodes_deaths: 0.
num_space_committed: 701.
num_space_uncommitted: 0.
num_chunks_returned_to_freelist: 6.
num_chunks_taken_from_freelist: 1489.
num_chunk_merges: 6.
num_chunk_splits: 1207.
num_chunks_enlarged: 1069.
num_inconsistent_stats: 0.

CodeHeap 'non-profiled nmethods': size=120000Kb used=1513Kb max_used=1513Kb free=118486Kb
 bounds [0x000002322bc30000, 0x000002322bea0000, 0x0000023233160000]
CodeHeap 'profiled nmethods': size=120000Kb used=8155Kb max_used=8155Kb free=111845Kb
 bounds [0x0000023224160000, 0x0000023224960000, 0x000002322b690000]
CodeHeap 'non-nmethods': size=5760Kb used=1261Kb max_used=1295Kb free=4498Kb
 bounds [0x000002322b690000, 0x000002322b900000, 0x000002322bc30000]
 total_blobs=4634 nmethods=4062 adapters=484
 compilation: enabled
              stopped_count=0, restarted_count=0
 full_count=0

Compilation events (20 events):
Event: 4.765 Thread 0x000002323aad6b30 nmethod 4073 0x0000023224937410 code [0x00000232249375e0, 0x0000023224937918]
Event: 4.765 Thread 0x000002323aad6b30 4075       1       org.jetbrains.kotlin.load.java.lazy.descriptors.LazyJavaClassDescriptor::getCompanionObjectDescriptor (2 bytes)
Event: 4.765 Thread 0x000002323aad6b30 nmethod 4075 0x000002322bda7610 code [0x000002322bda77a0, 0x000002322bda7878]
Event: 4.765 Thread 0x000002323aad6b30 4076       3       org.jetbrains.kotlin.it.unimi.dsi.fastutil.ints.Int2ObjectOpenHashMap::rehash (171 bytes)
Event: 4.766 Thread 0x000002323aad6b30 nmethod 4076 0x0000023224937a90 code [0x0000023224937ce0, 0x0000023224938968]
Event: 4.766 Thread 0x000002323aad6b30 4078       3       kotlin.collections.CollectionsKt___CollectionsKt$asSequence$$inlined$Sequence$1::iterator (12 bytes)
Event: 4.766 Thread 0x000002323aad6b30 nmethod 4078 0x0000023224938e90 code [0x0000023224939040, 0x0000023224939208]
Event: 4.766 Thread 0x000002323aad6b30 4079       3       kotlin.sequences.FilteringSequence::iterator (12 bytes)
Event: 4.767 Thread 0x000002323aad6b30 nmethod 4079 0x0000023224939310 code [0x00000232249394e0, 0x00000232249398a8]
Event: 4.767 Thread 0x000002323aad6b30 4080       3       kotlin.sequences.FilteringSequence$iterator$1::<init> (28 bytes)
Event: 4.767 Thread 0x000002323aad6b30 nmethod 4080 0x0000023224939a10 code [0x0000023224939bc0, 0x0000023224939ec8]
Event: 4.767 Thread 0x000002323aad6b30 4081       3       kotlin.ranges.RangesKt___RangesKt::coerceAtLeast (11 bytes)
Event: 4.767 Thread 0x000002323aad6b30 nmethod 4081 0x000002322493a010 code [0x000002322493a1a0, 0x000002322493a2d8]
Event: 4.768 Thread 0x000002323aad6b30 4082       3       org.jetbrains.kotlin.resolve.source.KotlinSourceElementKt::toSourceElement (39 bytes)
Event: 4.768 Thread 0x000002323aad6b30 nmethod 4082 0x000002322493a390 code [0x000002322493a600, 0x000002322493aec8]
Event: 4.768 Thread 0x000002323aad6b30 4084       1       org.jetbrains.kotlin.load.java.lazy.descriptors.LazyJavaClassMemberScope::access$getJClass$p (5 bytes)
Event: 4.768 Thread 0x000002323aad6b30 nmethod 4084 0x000002322bda7910 code [0x000002322bda7aa0, 0x000002322bda7b58]
Event: 4.768 Thread 0x000002323aad6b30 4083       3       org.jetbrains.kotlin.psi.KtElementImplStub::getPsiOrParent (11 bytes)
Event: 4.768 Thread 0x000002323aad6b30 nmethod 4083 0x000002322493b210 code [0x000002322493b3a0, 0x000002322493b4b8]
Event: 4.770 Thread 0x000002323aad6b30 4085       3       org.jetbrains.kotlin.descriptors.ScopesHolderForClass::getScope (76 bytes)

GC Heap History (20 events):
Event: 1.548 GC heap after
{Heap after GC invocations=2 (full 0):
 garbage-first heap   total 120832K, used 7775K [0x000000008ac00000, 0x0000000100000000)
  region size 1024K, 1 young (1024K), 1 survivors (1024K)
 Metaspace       used 21336K, committed 21504K, reserved 1114112K
  class space    used 2406K, committed 2496K, reserved 1048576K
}
Event: 1.962 GC heap before
{Heap before GC invocations=3 (full 0):
 garbage-first heap   total 30720K, used 25183K [0x000000008ac00000, 0x0000000100000000)
  region size 1024K, 17 young (17408K), 1 survivors (1024K)
 Metaspace       used 22974K, committed 23232K, reserved 1114112K
  class space    used 2778K, committed 2880K, reserved 1048576K
}
Event: 1.972 GC heap after
{Heap after GC invocations=4 (full 0):
 garbage-first heap   total 31744K, used 13387K [0x000000008ac00000, 0x0000000100000000)
  region size 1024K, 3 young (3072K), 3 survivors (3072K)
 Metaspace       used 22974K, committed 23232K, reserved 1114112K
  class space    used 2778K, committed 2880K, reserved 1048576K
}
Event: 1.977 GC heap before
{Heap before GC invocations=4 (full 0):
 garbage-first heap   total 31744K, used 14411K [0x000000008ac00000, 0x0000000100000000)
  region size 1024K, 4 young (4096K), 3 survivors (3072K)
 Metaspace       used 22974K, committed 23232K, reserved 1114112K
  class space    used 2778K, committed 2880K, reserved 1048576K
}
Event: 1.983 GC heap after
{Heap after GC invocations=5 (full 0):
 garbage-first heap   total 31744K, used 14316K [0x000000008ac00000, 0x0000000100000000)
  region size 1024K, 1 young (1024K), 1 survivors (1024K)
 Metaspace       used 22974K, committed 23232K, reserved 1114112K
  class space    used 2778K, committed 2880K, reserved 1048576K
}
Event: 2.229 GC heap before
{Heap before GC invocations=5 (full 0):
 garbage-first heap   total 31744K, used 20460K [0x000000008ac00000, 0x0000000100000000)
  region size 1024K, 8 young (8192K), 1 survivors (1024K)
 Metaspace       used 24884K, committed 25088K, reserved 1114112K
  class space    used 3198K, committed 3264K, reserved 1048576K
}
Event: 2.233 GC heap after
{Heap after GC invocations=6 (full 0):
 garbage-first heap   total 31744K, used 15636K [0x000000008ac00000, 0x0000000100000000)
  region size 1024K, 1 young (1024K), 1 survivors (1024K)
 Metaspace       used 24884K, committed 25088K, reserved 1114112K
  class space    used 3198K, committed 3264K, reserved 1048576K
}
Event: 2.402 GC heap before
{Heap before GC invocations=7 (full 0):
 garbage-first heap   total 31744K, used 21780K [0x000000008ac00000, 0x0000000100000000)
  region size 1024K, 7 young (7168K), 1 survivors (1024K)
 Metaspace       used 26959K, committed 27136K, reserved 1114112K
  class space    used 3435K, committed 3520K, reserved 1048576K
}
Event: 2.405 GC heap after
{Heap after GC invocations=8 (full 0):
 garbage-first heap   total 65536K, used 15967K [0x000000008ac00000, 0x0000000100000000)
  region size 1024K, 1 young (1024K), 1 survivors (1024K)
 Metaspace       used 26959K, committed 27136K, reserved 1114112K
  class space    used 3435K, committed 3520K, reserved 1048576K
}
Event: 2.922 GC heap before
{Heap before GC invocations=8 (full 0):
 garbage-first heap   total 65536K, used 37471K [0x000000008ac00000, 0x0000000100000000)
  region size 1024K, 23 young (23552K), 1 survivors (1024K)
 Metaspace       used 31426K, committed 31680K, reserved 1114112K
  class space    used 3921K, committed 4032K, reserved 1048576K
}
Event: 2.928 GC heap after
{Heap after GC invocations=9 (full 0):
 garbage-first heap   total 65536K, used 16819K [0x000000008ac00000, 0x0000000100000000)
  region size 1024K, 3 young (3072K), 3 survivors (3072K)
 Metaspace       used 31426K, committed 31680K, reserved 1114112K
  class space    used 3921K, committed 4032K, reserved 1048576K
}
Event: 3.374 GC heap before
{Heap before GC invocations=9 (full 0):
 garbage-first heap   total 65536K, used 39347K [0x000000008ac00000, 0x0000000100000000)
  region size 1024K, 26 young (26624K), 3 survivors (3072K)
 Metaspace       used 36315K, committed 36480K, reserved 1114112K
  class space    used 4381K, committed 4480K, reserved 1048576K
}
Event: 3.381 GC heap after
{Heap after GC invocations=10 (full 0):
 garbage-first heap   total 65536K, used 18866K [0x000000008ac00000, 0x0000000100000000)
  region size 1024K, 2 young (2048K), 2 survivors (2048K)
 Metaspace       used 36315K, committed 36480K, reserved 1114112K
  class space    used 4381K, committed 4480K, reserved 1048576K
}
Event: 3.971 GC heap before
{Heap before GC invocations=10 (full 0):
 garbage-first heap   total 65536K, used 45490K [0x000000008ac00000, 0x0000000100000000)
  region size 1024K, 26 young (26624K), 2 survivors (2048K)
 Metaspace       used 41666K, committed 41920K, reserved 1114112K
  class space    used 5001K, committed 5120K, reserved 1048576K
}
Event: 3.980 GC heap after
{Heap after GC invocations=11 (full 0):
 garbage-first heap   total 65536K, used 24223K [0x000000008ac00000, 0x0000000100000000)
  region size 1024K, 4 young (4096K), 4 survivors (4096K)
 Metaspace       used 41666K, committed 41920K, reserved 1114112K
  class space    used 5001K, committed 5120K, reserved 1048576K
}
Event: 4.067 GC heap before
{Heap before GC invocations=11 (full 0):
 garbage-first heap   total 65536K, used 44703K [0x000000008ac00000, 0x0000000100000000)
  region size 1024K, 25 young (25600K), 4 survivors (4096K)
 Metaspace       used 41806K, committed 42048K, reserved 1114112K
  class space    used 5003K, committed 5120K, reserved 1048576K
}
Event: 4.073 GC heap after
{Heap after GC invocations=12 (full 0):
 garbage-first heap   total 78848K, used 25248K [0x000000008ac00000, 0x0000000100000000)
  region size 1024K, 1 young (1024K), 1 survivors (1024K)
 Metaspace       used 41806K, committed 42048K, reserved 1114112K
  class space    used 5003K, committed 5120K, reserved 1048576K
}
Event: 4.078 GC heap before
{Heap before GC invocations=12 (full 0):
 garbage-first heap   total 78848K, used 25248K [0x000000008ac00000, 0x0000000100000000)
  region size 1024K, 2 young (2048K), 1 survivors (1024K)
 Metaspace       used 41857K, committed 42048K, reserved 1114112K
  class space    used 5010K, committed 5120K, reserved 1048576K
}
Event: 4.079 GC heap after
{Heap after GC invocations=13 (full 0):
 garbage-first heap   total 78848K, used 25020K [0x000000008ac00000, 0x0000000100000000)
  region size 1024K, 1 young (1024K), 1 survivors (1024K)
 Metaspace       used 41857K, committed 42048K, reserved 1114112K
  class space    used 5010K, committed 5120K, reserved 1048576K
}
Event: 4.771 GC heap before
{Heap before GC invocations=14 (full 0):
 garbage-first heap   total 78848K, used 58812K [0x000000008ac00000, 0x0000000100000000)
  region size 1024K, 34 young (34816K), 1 survivors (1024K)
 Metaspace       used 44783K, committed 44928K, reserved 1114112K
  class space    used 5302K, committed 5376K, reserved 1048576K
}

Dll operation events (2 events):
Event: 0.014 Loaded shared library C:\Program Files\Android\Android Studio\jbr\bin\java.dll
Event: 1.299 Loaded shared library C:\Program Files\Android\Android Studio\jbr\bin\verify.dll

Deoptimization events (20 events):
Event: 4.542 Thread 0x0000023220c8a060 DEOPT PACKING pc=0x000002322bd1f470 sp=0x000000354a7fd3f0
Event: 4.542 Thread 0x0000023220c8a060 DEOPT UNPACKING pc=0x000002322b6e69a3 sp=0x000000354a7fd310 mode 2
Event: 4.542 Thread 0x0000023220c8a060 Uncommon trap: trap_request=0xffffffde fr.pc=0x000002322bd28cc8 relative=0x0000000000000188
Event: 4.542 Thread 0x0000023220c8a060 Uncommon trap: reason=class_check action=maybe_recompile pc=0x000002322bd28cc8 method=java.lang.Character.codePointAt(Ljava/lang/CharSequence;I)I @ 2 c2
Event: 4.542 Thread 0x0000023220c8a060 DEOPT PACKING pc=0x000002322bd28cc8 sp=0x000000354a7fd350
Event: 4.542 Thread 0x0000023220c8a060 DEOPT UNPACKING pc=0x000002322b6e69a3 sp=0x000000354a7fd308 mode 2
Event: 4.542 Thread 0x0000023220c8a060 Uncommon trap: trap_request=0xffffffde fr.pc=0x000002322bd28cc8 relative=0x0000000000000188
Event: 4.542 Thread 0x0000023220c8a060 Uncommon trap: reason=class_check action=maybe_recompile pc=0x000002322bd28cc8 method=java.lang.Character.codePointAt(Ljava/lang/CharSequence;I)I @ 2 c2
Event: 4.542 Thread 0x0000023220c8a060 DEOPT PACKING pc=0x000002322bd28cc8 sp=0x000000354a7fd350
Event: 4.542 Thread 0x0000023220c8a060 DEOPT UNPACKING pc=0x000002322b6e69a3 sp=0x000000354a7fd308 mode 2
Event: 4.542 Thread 0x0000023220c8a060 Uncommon trap: trap_request=0xffffffde fr.pc=0x000002322bd1f470 relative=0x00000000000005f0
Event: 4.542 Thread 0x0000023220c8a060 Uncommon trap: reason=class_check action=maybe_recompile pc=0x000002322bd1f470 method=java.lang.Character.codePointAt(Ljava/lang/CharSequence;I)I @ 2 c2
Event: 4.542 Thread 0x0000023220c8a060 DEOPT PACKING pc=0x000002322bd1f470 sp=0x000000354a7fd3f0
Event: 4.542 Thread 0x0000023220c8a060 DEOPT UNPACKING pc=0x000002322b6e69a3 sp=0x000000354a7fd310 mode 2
Event: 4.674 Thread 0x0000023220c8a060 Uncommon trap: trap_request=0xffffff45 fr.pc=0x000002322bd341e4 relative=0x00000000000000c4
Event: 4.674 Thread 0x0000023220c8a060 Uncommon trap: reason=unstable_if action=reinterpret pc=0x000002322bd341e4 method=java.text.StringCharacterIterator.current()C @ 19 c2
Event: 4.674 Thread 0x0000023220c8a060 DEOPT PACKING pc=0x000002322bd341e4 sp=0x000000354a7fbfe0
Event: 4.674 Thread 0x0000023220c8a060 DEOPT UNPACKING pc=0x000002322b6e69a3 sp=0x000000354a7fbf78 mode 2
Event: 4.680 Thread 0x0000023220c8a060 DEOPT PACKING pc=0x000002322474392c sp=0x000000354a7fb790
Event: 4.680 Thread 0x0000023220c8a060 DEOPT UNPACKING pc=0x000002322b6e7143 sp=0x000000354a7fac40 mode 0

Classes unloaded (0 events):
No events

Classes redefined (0 events):
No events

Internal exceptions (20 events):
Event: 1.013 Thread 0x0000023220c8a060 Exception <a 'java/lang/NoSuchMethodError'{0x0000000091e78988}: 'int java.lang.invoke.DelegatingMethodHandle$Holder.reinvoke_L(java.lang.Object, java.lang.Object, java.lang.Object, long, java.lang.Object, java.lang.Object)'> (0x0000000091e78988) 
thrown [s\src\hotspot\share\interpreter\linkResolver.cpp, line 771]
Event: 1.015 Thread 0x0000023220c8a060 Exception <a 'java/lang/NoSuchMethodError'{0x0000000091e879d0}: 'int java.lang.invoke.DelegatingMethodHandle$Holder.reinvoke_L(java.lang.Object, java.lang.Object, java.lang.Object, long, int, int)'> (0x0000000091e879d0) 
thrown [s\src\hotspot\share\interpreter\linkResolver.cpp, line 771]
Event: 1.017 Thread 0x0000023220c8a060 Exception <a 'java/lang/NoSuchMethodError'{0x0000000091e96308}: 'int java.lang.invoke.DelegatingMethodHandle$Holder.reinvoke_L(java.lang.Object, java.lang.Object, java.lang.Object, long, long, long)'> (0x0000000091e96308) 
thrown [s\src\hotspot\share\interpreter\linkResolver.cpp, line 771]
Event: 1.018 Thread 0x0000023220c8a060 Exception <a 'java/lang/NoSuchMethodError'{0x0000000091ea4920}: 'int java.lang.invoke.DelegatingMethodHandle$Holder.reinvoke_L(java.lang.Object, java.lang.Object, java.lang.Object, long, int)'> (0x0000000091ea4920) 
thrown [s\src\hotspot\share\interpreter\linkResolver.cpp, line 771]
Event: 1.040 Thread 0x0000023220c8a060 Exception <a 'java/lang/NoSuchMethodError'{0x0000000091d4e398}: 'int java.lang.invoke.DirectMethodHandle$Holder.invokeStaticInit(java.lang.Object, java.lang.Object, java.lang.Object)'> (0x0000000091d4e398) 
thrown [s\src\hotspot\share\interpreter\linkResolver.cpp, line 771]
Event: 1.045 Thread 0x0000023220c8a060 Exception <a 'java/lang/NoSuchMethodError'{0x0000000091d77260}: 'int java.lang.invoke.DirectMethodHandle$Holder.invokeStaticInit(java.lang.Object, java.lang.Object)'> (0x0000000091d77260) 
thrown [s\src\hotspot\share\interpreter\linkResolver.cpp, line 771]
Event: 1.075 Thread 0x0000023220c8a060 Exception <a 'java/lang/NoSuchMethodError'{0x0000000091c570b8}: 'void java.lang.invoke.DirectMethodHandle$Holder.invokeSpecial(java.lang.Object, java.lang.Object, java.lang.Object)'> (0x0000000091c570b8) 
thrown [s\src\hotspot\share\interpreter\linkResolver.cpp, line 771]
Event: 1.168 Thread 0x0000023220c8a060 Exception <a 'java/lang/NoSuchMethodError'{0x000000009197c1e0}: 'void java.lang.invoke.DirectMethodHandle$Holder.invokeStatic(java.lang.Object, java.lang.Object, java.lang.Object, java.lang.Object)'> (0x000000009197c1e0) 
thrown [s\src\hotspot\share\interpreter\linkResolver.cpp, line 771]
Event: 1.253 Thread 0x0000023220c8a060 Exception <a 'java/lang/NoSuchMethodError'{0x00000000915417f0}: 'void java.lang.invoke.DirectMethodHandle$Holder.invokeStaticInit(java.lang.Object, java.lang.Object)'> (0x00000000915417f0) 
thrown [s\src\hotspot\share\interpreter\linkResolver.cpp, line 771]
Event: 1.389 Thread 0x0000023220c8a060 Exception <a 'java/lang/NoSuchMethodError'{0x00000000911fc358}: 'void java.lang.invoke.DirectMethodHandle$Holder.invokeVirtual(java.lang.Object, java.lang.Object)'> (0x00000000911fc358) 
thrown [s\src\hotspot\share\interpreter\linkResolver.cpp, line 771]
Event: 1.399 Thread 0x0000023220c8a060 Exception <a 'java/lang/NoSuchMethodError'{0x0000000091077c50}: 'int java.lang.invoke.DirectMethodHandle$Holder.invokeVirtual(java.lang.Object, java.lang.Object)'> (0x0000000091077c50) 
thrown [s\src\hotspot\share\interpreter\linkResolver.cpp, line 771]
Event: 1.458 Thread 0x0000023220c8a060 Exception <a 'java/lang/NoSuchMethodError'{0x0000000090f333a8}: 'java.lang.Object java.lang.invoke.Invokers$Holder.invokeExact_MT(java.lang.Object, java.lang.Object, java.lang.Object, java.lang.Object, java.lang.Object, java.lang.Object)'> (0x0000000090f333a8) 
thrown [s\src\hotspot\share\interpreter\linkResolver.cpp, line 771]
Event: 2.292 Thread 0x0000023220c8a060 Implicit null exception at 0x000002322bc53872 to 0x000002322bc53e3c
Event: 2.458 Thread 0x0000023220c8a060 Implicit null exception at 0x000002322bc59cf2 to 0x000002322bc5a2cc
Event: 2.535 Thread 0x0000023220c8a060 Exception <a 'java/lang/NoSuchMethodError'{0x000000008e5ac770}: 'java.lang.Object java.lang.invoke.DirectMethodHandle$Holder.invokeVirtual(java.lang.Object, java.lang.Object, java.lang.Object)'> (0x000000008e5ac770) 
thrown [s\src\hotspot\share\interpreter\linkResolver.cpp, line 771]
Event: 3.472 Thread 0x0000023220c8a060 Exception <a 'java/lang/NoSuchMethodError'{0x000000008e8f22c0}: 'java.lang.Object java.lang.invoke.DirectMethodHandle$Holder.newInvokeSpecial(java.lang.Object, java.lang.Object, int)'> (0x000000008e8f22c0) 
thrown [s\src\hotspot\share\interpreter\linkResolver.cpp, line 771]
Event: 3.638 Thread 0x0000023220c8a060 Exception <a 'java/lang/NoSuchMethodError'{0x000000008e342168}: 'java.lang.Object java.lang.invoke.DirectMethodHandle$Holder.newInvokeSpecial(java.lang.Object, java.lang.Object, java.lang.Object, int)'> (0x000000008e342168) 
thrown [s\src\hotspot\share\interpreter\linkResolver.cpp, line 771]
Event: 3.638 Thread 0x0000023220c8a060 Exception <a 'java/lang/NoSuchMethodError'{0x000000008e3467f0}: 'java.lang.Object java.lang.invoke.DirectMethodHandle$Holder.invokeSpecial(java.lang.Object, java.lang.Object, java.lang.Object, java.lang.Object, int)'> (0x000000008e3467f0) 
thrown [s\src\hotspot\share\interpreter\linkResolver.cpp, line 771]
Event: 3.639 Thread 0x0000023220c8a060 Exception <a 'java/lang/NoSuchMethodError'{0x000000008e34a660}: 'java.lang.Object java.lang.invoke.Invokers$Holder.linkToTargetMethod(java.lang.Object, java.lang.Object, int, java.lang.Object)'> (0x000000008e34a660) 
thrown [s\src\hotspot\share\interpreter\linkResolver.cpp, line 771]
Event: 3.866 Thread 0x0000023220c8a060 Exception <a 'java/lang/NoSuchMethodError'{0x000000008d86fe60}: 'java.lang.Object java.lang.invoke.DirectMethodHandle$Holder.newInvokeSpecial(java.lang.Object, java.lang.Object, java.lang.Object, java.lang.Object, java.lang.Object, java.lang.Object)'> (0x000000008d86fe60) 
thrown [s\src\hotspot\share\interpreter\linkResolver.cpp, line 771]

VM Operations (20 events):
Event: 4.100 Executing VM operation: G1PauseRemark done
Event: 4.105 Executing VM operation: G1PauseCleanup
Event: 4.105 Executing VM operation: G1PauseCleanup done
Event: 4.279 Executing VM operation: HandshakeAllThreads
Event: 4.279 Executing VM operation: HandshakeAllThreads done
Event: 4.364 Executing VM operation: HandshakeAllThreads
Event: 4.364 Executing VM operation: HandshakeAllThreads done
Event: 4.369 Executing VM operation: HandshakeAllThreads
Event: 4.369 Executing VM operation: HandshakeAllThreads done
Event: 4.384 Executing VM operation: ICBufferFull
Event: 4.384 Executing VM operation: ICBufferFull done
Event: 4.472 Executing VM operation: ICBufferFull
Event: 4.472 Executing VM operation: ICBufferFull done
Event: 4.646 Executing VM operation: HandshakeAllThreads
Event: 4.646 Executing VM operation: HandshakeAllThreads done
Event: 4.661 Executing VM operation: HandshakeAllThreads
Event: 4.661 Executing VM operation: HandshakeAllThreads done
Event: 4.664 Executing VM operation: ICBufferFull
Event: 4.664 Executing VM operation: ICBufferFull done
Event: 4.771 Executing VM operation: G1CollectForAllocation

Events (20 events):
Event: 3.853 loading class java/util/stream/ReduceOps$Box done
Event: 3.853 loading class java/util/stream/ReduceOps$3ReducingSink done
Event: 3.854 loading class java/util/stream/ReferencePipeline$2$1
Event: 3.854 loading class java/util/stream/ReferencePipeline$2$1 done
Event: 3.854 loading class java/util/stream/IntPipeline$1$1
Event: 3.854 loading class java/util/stream/Sink$ChainedInt
Event: 3.854 loading class java/util/stream/Sink$OfInt
Event: 3.854 loading class java/util/function/IntConsumer
Event: 3.854 loading class java/util/function/IntConsumer done
Event: 3.854 loading class java/util/stream/Sink$OfInt done
Event: 3.854 loading class java/util/stream/Sink$ChainedInt done
Event: 3.854 loading class java/util/stream/IntPipeline$1$1 done
Event: 3.869 loading class java/util/RegularEnumSet$EnumSetIterator
Event: 3.869 loading class java/util/RegularEnumSet$EnumSetIterator done
Event: 3.904 loading class java/text/StringCharacterIterator
Event: 3.904 loading class java/text/CharacterIterator
Event: 3.904 loading class java/text/CharacterIterator done
Event: 3.904 loading class java/text/StringCharacterIterator done
Event: 3.938 loading class java/util/ArrayList$SubList$1
Event: 3.939 loading class java/util/ArrayList$SubList$1 done


Dynamic libraries:
0x00007ff760110000 - 0x00007ff76011a000 	C:\Program Files\Android\Android Studio\jbr\bin\java.exe
0x00007fff58890000 - 0x00007fff58aa6000 	C:\WINDOWS\SYSTEM32\ntdll.dll
0x00007fff56b40000 - 0x00007fff56c04000 	C:\WINDOWS\System32\KERNEL32.DLL
0x00007fff55bb0000 - 0x00007fff55f57000 	C:\WINDOWS\System32\KERNELBASE.dll
0x00007fff56170000 - 0x00007fff56281000 	C:\WINDOWS\System32\ucrtbase.dll
0x00007fff2edc0000 - 0x00007fff2edd7000 	C:\Program Files\Android\Android Studio\jbr\bin\jli.dll
0x00007fff2eaf0000 - 0x00007fff2eb0b000 	C:\Program Files\Android\Android Studio\jbr\bin\VCRUNTIME140.dll
0x00007fff56890000 - 0x00007fff56a3e000 	C:\WINDOWS\System32\USER32.dll
0x00007fff564f0000 - 0x00007fff56516000 	C:\WINDOWS\System32\win32u.dll
0x00007fff586f0000 - 0x00007fff58719000 	C:\WINDOWS\System32\GDI32.dll
0x00007fff54ea0000 - 0x00007fff55133000 	C:\WINDOWS\WinSxS\amd64_microsoft.windows.common-controls_6595b64144ccf1df_6.0.22621.3235_none_270f74e173860f98\COMCTL32.dll
0x00007fff56050000 - 0x00007fff56169000 	C:\WINDOWS\System32\gdi32full.dll
0x00007fff578b0000 - 0x00007fff57957000 	C:\WINDOWS\System32\msvcrt.dll
0x00007fff56520000 - 0x00007fff565ba000 	C:\WINDOWS\System32\msvcp_win.dll
0x00007fff56770000 - 0x00007fff567a1000 	C:\WINDOWS\System32\IMM32.DLL
0x00007fff4fa50000 - 0x00007fff4fa5c000 	C:\Program Files\Android\Android Studio\jbr\bin\vcruntime140_1.dll
0x00007ffeffc30000 - 0x00007ffeffcbd000 	C:\Program Files\Android\Android Studio\jbr\bin\msvcp140.dll
0x00007ffed8bc0000 - 0x00007ffed9843000 	C:\Program Files\Android\Android Studio\jbr\bin\server\jvm.dll
0x00007fff57660000 - 0x00007fff57712000 	C:\WINDOWS\System32\ADVAPI32.dll
0x00007fff56a90000 - 0x00007fff56b38000 	C:\WINDOWS\System32\sechost.dll
0x00007fff56290000 - 0x00007fff562b8000 	C:\WINDOWS\System32\bcrypt.dll
0x00007fff58720000 - 0x00007fff58835000 	C:\WINDOWS\System32\RPCRT4.dll
0x00007fff4c790000 - 0x00007fff4c7c4000 	C:\WINDOWS\SYSTEM32\WINMM.dll
0x00007fff0d330000 - 0x00007fff0d339000 	C:\WINDOWS\SYSTEM32\WSOCK32.dll
0x00007fff558d0000 - 0x00007fff5591d000 	C:\WINDOWS\SYSTEM32\POWRPROF.dll
0x00007fff57d00000 - 0x00007fff57d71000 	C:\WINDOWS\System32\WS2_32.dll
0x00007fff50120000 - 0x00007fff5012a000 	C:\WINDOWS\SYSTEM32\VERSION.dll
0x00007fff558b0000 - 0x00007fff558c3000 	C:\WINDOWS\SYSTEM32\UMPDC.dll
0x00007fff54330000 - 0x00007fff54348000 	C:\WINDOWS\SYSTEM32\kernel.appcore.dll
0x00007fff505c0000 - 0x00007fff505ca000 	C:\Program Files\Android\Android Studio\jbr\bin\jimage.dll
0x00007fff554a0000 - 0x00007fff556d3000 	C:\WINDOWS\SYSTEM32\DBGHELP.DLL
0x00007fff57960000 - 0x00007fff57ce8000 	C:\WINDOWS\System32\combase.dll
0x00007fff570f0000 - 0x00007fff571c7000 	C:\WINDOWS\System32\OLEAUT32.dll
0x00007fff55390000 - 0x00007fff553c2000 	C:\WINDOWS\SYSTEM32\dbgcore.DLL
0x00007fff55f60000 - 0x00007fff55fd9000 	C:\WINDOWS\System32\bcryptPrimitives.dll
0x00007fff42a60000 - 0x00007fff42a85000 	C:\Program Files\Android\Android Studio\jbr\bin\java.dll
0x00007fff4fa70000 - 0x00007fff4fa88000 	C:\Program Files\Android\Android Studio\jbr\bin\zip.dll
0x00007fff57d90000 - 0x00007fff585ec000 	C:\WINDOWS\System32\SHELL32.dll
0x00007fff53290000 - 0x00007fff53b89000 	C:\WINDOWS\SYSTEM32\windows.storage.dll
0x00007fff53150000 - 0x00007fff5328e000 	C:\WINDOWS\SYSTEM32\wintypes.dll
0x00007fff577b0000 - 0x00007fff578a3000 	C:\WINDOWS\System32\SHCORE.dll
0x00007fff567c0000 - 0x00007fff5681e000 	C:\WINDOWS\System32\shlwapi.dll
0x00007fff55ae0000 - 0x00007fff55b01000 	C:\WINDOWS\SYSTEM32\profapi.dll
0x00007fff4eb40000 - 0x00007fff4eb59000 	C:\Program Files\Android\Android Studio\jbr\bin\net.dll
0x00007fff4eb60000 - 0x00007fff4ec96000 	C:\WINDOWS\SYSTEM32\WINHTTP.dll
0x00007fff54760000 - 0x00007fff547c9000 	C:\WINDOWS\system32\mswsock.dll
0x00007fff2efd0000 - 0x00007fff2efe6000 	C:\Program Files\Android\Android Studio\jbr\bin\nio.dll
0x00007fff41160000 - 0x00007fff41170000 	C:\Program Files\Android\Android Studio\jbr\bin\verify.dll

dbghelp: loaded successfully - version: 4.0.5 - missing functions: none
symbol engine: initialized successfully - sym options: 0x614 - pdb path: .;C:\Program Files\Android\Android Studio\jbr\bin;C:\WINDOWS\SYSTEM32;C:\WINDOWS\WinSxS\amd64_microsoft.windows.common-controls_6595b64144ccf1df_6.0.22621.3235_none_270f74e173860f98;C:\Program Files\Android\Android Studio\jbr\bin\server

VM Arguments:
java_command: org.jetbrains.kotlin.cli.jvm.K2JVMCompiler @C:\Users\gille\OneDrive\Documents\GitHub\ProjetInfoPVZ\PlantsvsZombies\app\build\20240510_2399980824116884138.compiler.options
java_class_path (initial): C:\Users\gille\.gradle\caches\modules-2\files-2.1\org.jetbrains.kotlin\kotlin-compiler-embeddable\1.9.22\9cd4dc7773cf2a99ecd961a88fbbc9a2da3fb5e1\kotlin-compiler-embeddable-1.9.22.jar;C:\Users\gille\.gradle\caches\modules-2\files-2.1\org.jetbrains.kotlin\kotlin-stdlib\1.9.22\d6c44cd08d8f3f9bece8101216dbe6553365c6e3\kotlin-stdlib-1.9.22.jar;C:\Users\gille\.gradle\caches\modules-2\files-2.1\org.jetbrains.kotlin\kotlin-script-runtime\1.9.22\f8139a46fc677ec9badc49ae954392f4f5e7e7c7\kotlin-script-runtime-1.9.22.jar;C:\Users\gille\.gradle\caches\modules-2\files-2.1\org.jetbrains.kotlin\kotlin-reflect\1.6.10\1cbe9c92c12a94eea200d23c2bbaedaf3daf5132\kotlin-reflect-1.6.10.jar;C:\Users\gille\.gradle\caches\modules-2\files-2.1\org.jetbrains.kotlin\kotlin-daemon-embeddable\1.9.22\20e2c5df715f3240c765cfc222530e2796542021\kotlin-daemon-embeddable-1.9.22.jar;C:\Users\gille\.gradle\caches\modules-2\files-2.1\org.jetbrains.intellij.deps\trove4j\1.0.20200330\3afb14d5f9ceb459d724e907a21145e8ff394f02\trove4j-1.0.20200330.jar;C:\Users\gille\.gradle\caches\modules-2\files-2.1\org.jetbrains\annotations\13.0\919f0dfe192fb4e063e7dacadee7f8bb9a2672a9\annotations-13.0.jar
Launcher Type: SUN_STANDARD

[Global flags]
     intx CICompilerCount                          = 4                                         {product} {ergonomic}
     uint ConcGCThreads                            = 3                                         {product} {ergonomic}
     uint G1ConcRefinementThreads                  = 10                                        {product} {ergonomic}
   size_t G1HeapRegionSize                         = 1048576                                   {product} {ergonomic}
    uintx GCDrainStackTargetSize                   = 64                                        {product} {ergonomic}
   size_t InitialHeapSize                          = 123731968                                 {product} {ergonomic}
   size_t MarkStackSize                            = 4194304                                   {product} {ergonomic}
   size_t MaxHeapSize                              = 1967128576                                {product} {ergonomic}
   size_t MaxNewSize                               = 1179648000                                {product} {ergonomic}
   size_t MinHeapDeltaBytes                        = 1048576                                   {product} {ergonomic}
   size_t MinHeapSize                              = 8388608                                   {product} {ergonomic}
    uintx NonNMethodCodeHeapSize                   = 5839372                                {pd product} {ergonomic}
    uintx NonProfiledCodeHeapSize                  = 122909434                              {pd product} {ergonomic}
    uintx ProfiledCodeHeapSize                     = 122909434                              {pd product} {ergonomic}
    uintx ReservedCodeCacheSize                    = 251658240                              {pd product} {ergonomic}
     bool SegmentedCodeCache                       = true                                      {product} {ergonomic}
   size_t SoftMaxHeapSize                          = 1967128576                             {manageable} {ergonomic}
     bool UseCompressedClassPointers               = true                           {product lp64_product} {ergonomic}
     bool UseCompressedOops                        = true                           {product lp64_product} {ergonomic}
     bool UseG1GC                                  = true                                      {product} {ergonomic}
     bool UseLargePagesIndividualAllocation        = false                                  {pd product} {ergonomic}

Logging:
Log output configuration:
 #0: stdout all=warning uptime,level,tags
 #1: stderr all=off uptime,level,tags

Environment Variables:
PATH=C:\Program Files (x86)\Common Files\Oracle\Java\javapath;C:\WINDOWS\system32;C:\WINDOWS;C:\WINDOWS\System32\Wbem;C:\WINDOWS\System32\WindowsPowerShell\v1.0\;C:\WINDOWS\System32\OpenSSH\;C:\Program Files\HP\HP One Agent;C:\Program Files\Git\cmd;C:\Users\gille\AppData\Local\Programs\Python\Python310\Scripts\;C:\Users\gille\AppData\Local\Programs\Python\Python310\;C:\Users\gille\AppData\Local\Microsoft\WindowsApps;C:\Users\gille\AppData\Local\Programs\MiKTeX\miktex\bin\x64\;C:\Users\gille\AppData\Local\Programs\Microsoft VS Code\bin;C:\msys64\ucrt64\bin;C:\Users\gille\AppData\Local\GitHubDesktop\bin
USERNAME=gille
OS=Windows_NT
PROCESSOR_IDENTIFIER=AMD64 Family 23 Model 104 Stepping 1, AuthenticAMD
TMP=C:\Users\gille\AppData\Local\Temp
TEMP=C:\Users\gille\AppData\Local\Temp



Periodic native trim disabled

JNI global refs:
JNI global refs: 10, weak refs: 14

JNI global refs memory usage: 843, weak refs: 841

OOME stack traces (most recent first):
Classloader memory used:
Loader jdk.internal.loader.ClassLoaders$AppClassLoader                                 : 4309K
Loader bootstrap                                                                       : 1285K
Loader jdk.internal.reflect.DelegatingClassLoader                                      : 9070B


---------------  S Y S T E M  ---------------

OS:
 Windows 11 , 64 bit Build 22621 (10.0.22621.3374)
OS uptime: 8 days 15:59 hours

CPU: total 12 (initial active 12) (12 cores per cpu, 2 threads per core) family 23 model 104 stepping 1 microcode 0x0, cx8, cmov, fxsr, ht, mmx, 3dnowpref, sse, sse2, sse3, ssse3, sse4a, sse4.1, sse4.2, popcnt, lzcnt, tsc, tscinvbit, avx, avx2, aes, clmul, bmi1, bmi2, adx, sha, fma, vzeroupper, clflush, clflushopt
Processor Information for all 12 processors :
  Max Mhz: 2100, Current Mhz: 2100, Mhz Limit: 2100

Memory: 4k page, system-wide physical 7503M (255M free)
TotalPageFile size 30031M (AvailPageFile size 2M)
current process WorkingSet (physical memory assigned to process): 198M, peak: 198M
current process commit charge ("private bytes"): 244M, peak: 246M

vm_info: OpenJDK 64-Bit Server VM (17.0.9+0--11185874) for windows-amd64 JRE (17.0.9+0--11185874), built on Dec  6 2023 18:57:44 by "androidbuild" with MS VC++ 16.10 / 16.11 (VS2019)

END.
